
> mediagrab@1.0.0 build
> next build

  ▲ Next.js 14.2.15
  - Environments: .env.local

   Creating an optimized production build ...
 ✓ Compiled successfully
   Linting and checking validity of types ...
npm : Failed to compile.
At line:1 char:1
+ npm run build > 
build4.log 2>&1; 
Get-Content build4.log | 
Out-File -E ...
+ ~~~~~~~~~~~~~~~~~~~~~~~~~
~~~~~~
    + CategoryInfo         
     : NotSpecified: (Fai  
  led to compile.:String   
 ) [], RemoteException
    + FullyQualifiedErrorI 
   d : NativeCommandError
 

./components/navbar.tsx:50:
25
Type error: Unexpected 
token. Did you mean 
`{'>'}` or `&gt;`?

[0m [90m 48 |[39m       
              
[33m>[39m[0m
[0m [90m 49 |[39m       
                  [33m<[3
9m[33mGithub[39m classNam
e[33m=[39m[32m"h-4.5 
w-4.5"[39m 
[33m/[39m[33m>[39m[0m
[0m[31m[1m>[22m[39m[9
0m 50 |[39m               
      [33m<[39m[33m/[39
m[33ma[39m[33m>>[39m[0
m
[0m [90m    |[39m       
                  
[31m[1m^[22m[39m[0m
[0m [90m 51 |[39m       
              {mounted 
[33m&&[39m ([0m
[0m [90m 52 |[39m       
                  [33m<[3
9m[33mButton[39m[0m
[0m [90m 53 |[39m       
                      varia
nt[33m=[39m[32m"ghost"[
39m[0m
