
> mediagrab@1.0.0 build
> next build

  ▲ Next.js 14.2.15
  - Environments: .env.local

   Creating an optimized production build ...
 ✓ Compiled successfully
   Linting and checking validity of types ...
npm : Failed to compile.
At line:1 char:1
+ npm run build > 
build3.log 2>&1; 
Get-Content build3.log | 
Out-File -E ...
+ ~~~~~~~~~~~~~~~~~~~~~~~~~
~~~~~~
    + CategoryInfo         
     : NotSpecified: (Fai  
  led to compile.:String   
 ) [], RemoteException
    + FullyQualifiedErrorI 
   d : NativeCommandError
 

./components/navbar.tsx:42:
57
Type error: Type '{ 
children: Element; 
variant: "ghost"; size: 
"icon"; asChild: true; }' 
is not assignable to type 
'IntrinsicAttributes & 
ButtonProps & RefAttributes
<HTMLButtonElement>'.
  Property 'asChild' does 
not exist on type 
'IntrinsicAttributes & 
ButtonProps & RefAttributes
<HTMLButtonElement>'.

[0m [90m 40 |[39m       
          {[90m/* Right 
side */[39m}[0m
[0m [90m 41 |[39m       
          
[33m<[39m[33mdiv[39m cl
assName[33m=[39m[32m"fle
x items-center 
gap-2"[39m[33m>[39m[0m
[0m[31m[1m>[22m[39m[9
0m 42 |[39m               
      [33m<[39m[33mButto
n[39m variant[33m=[39m[
32m"ghost"[39m size[33m=
[39m[32m"icon"[39m 
asChild[33m>[39m[0m
[0m [90m    |[39m       
                           
                       
[31m[1m^[22m[39m[0m
[0m [90m 43 |[39m       
                  
[33m<[39m[33ma[39m[0m
[0m [90m 44 |[39m       
                      href
[33m=[39m[32m"https://git
hub.com"[39m[0m
[0m [90m 45 |[39m       
                      targe
t[33m=[39m[32m"_blank"[
39m[0m
